<?xml version="1.0" encoding="UTF-8"?>
<!-- Generated by org.testng.reporters.JUnitReportReporter -->
<testsuite hostname="LAPTOP-E7MVSPDI" failures="0" tests="2" name="qaclickacademy.Mavenjava.AppiumTest" time="0.004" errors="0" timestamp="7 Jul 2021 20:08:28 GMT">
  <testcase classname="qaclickacademy.Mavenjava.AppiumTest" name="postJira" time="0.000"/>
  <testcase classname="qaclickacademy.Mavenjava.AppiumTest" name="DeleteTwitter" time="0.004"/>
</testsuite> <!-- qaclickacademy.Mavenjava.AppiumTest -->
