<?xml version="1.0" encoding="UTF-8"?>
<!-- Generated by org.testng.reporters.JUnitReportReporter -->
<testsuite hostname="LAPTOP-E7MVSPDI" failures="0" tests="2" name="qaclickacademy.Mavenjava.RESTAPITest" time="0.002" errors="0" timestamp="7 Jul 2021 20:00:55 GMT">
  <testcase classname="qaclickacademy.Mavenjava.RESTAPITest" name="IOSApps" time="0.001"/>
  <testcase classname="qaclickacademy.Mavenjava.RESTAPITest" name="NativeAppAndroid" time="0.001"/>
</testsuite> <!-- qaclickacademy.Mavenjava.RESTAPITest -->
