<?xml version="1.0" encoding="UTF-8"?>
<!-- Generated by org.testng.reporters.JUnitReportReporter -->
<testsuite hostname="LAPTOP-E7MVSPDI" failures="0" tests="1" name="qaclickacademy.Mavenjava.SeleniumTest" time="0.000" errors="0" timestamp="7 Jul 2021 20:00:55 GMT">
  <testcase classname="qaclickacademy.Mavenjava.SeleniumTest" name="ElementsUI" time="0.000"/>
</testsuite> <!-- qaclickacademy.Mavenjava.SeleniumTest -->
